
ーーーーーーーーSearch the target string1ーーーーーーーーーーーーーーー
 
search_string:
 /*TODO:MVW:WhyisthisnotdoneinGEF?*/
 
predict_string:
 /*TODO:MVW:WhyisthisnotdoneinGEF?*/ 

line_no || similarity 

1084 || 1.0 

filepath:
 /Users/yonekuramiki/Desktop/resarch/searchSATD-underCode/clone/src/argouml-app/src/org/argouml/uml/diagram/ui/FigEdgeModelElement.java 

under_code:
Iterator it = getPathItemFigs().iterator();
 

ーーーーーーーーSearch the target string2ーーーーーーーーーーーーーーー
 
search_string:
 //TODO:ThisisatemporarycrutchtouseuntilallFigsareupdated//tousetheconstructorthatacceptsaDiagramSettingsobject
 
sub_line:
 //tousetheconstructorthatacceptsaDiagramSettingsobject 

frontremoved_sub_line:
 usetheconstructorthatacceptsaDiagramSettingsobject 

sub_line:
 if(settings==null){ 

frontremoved_sub_line:
 ettings==null){ 

predict_string_new:
 //TODO:ThisisatemporarycrutchtouseuntilallFigsareupdated 

line_no || similarity 

240 || 0.6746987951807228 

filepath:
   /Users/yonekuramiki/Desktop/resarch/searchSATD-underCode/clone/src/argouml-app/src/org/argouml/uml/diagram/ui/ArgoFigText.java 

under_code:
if (settings == null) {
 

ーーーーーーーーSearch the target string3ーーーーーーーーーーーーーーー
 
search_string:
 //TODO:ThereisacyclicdependencybetweenSelectionRerouteEdge//andFigEdgeModelElement
 
sub_line:
 //andFigEdgeModelElement 

frontremoved_sub_line:
 dFigEdgeModelElement 

sub_line:
 returnnewSelectionRerouteEdge(this); 

frontremoved_sub_line:
 rnnewSelectionRerouteEdge(this); 

predict_string_new:
 //TODO:ThereisacyclicdependencybetweenSelectionRerouteEdge 

line_no || similarity 

558 || 0.8285714285714286 

filepath:
   /Users/yonekuramiki/Desktop/resarch/searchSATD-underCode/clone/src/argouml-app/src/org/argouml/uml/diagram/ui/FigEdgeModelElement.java 

under_code:
return new SelectionRerouteEdge(this);
 

ーーーーーーーーSearch the target string4ーーーーーーーーーーーーーーー
 
search_string:
 //TODO:Weneedtorethrowthisassomeotherexception//typebutthatistoomuchchangeforthemoment.
 
